# JRE version: OpenJDK Runtime Environment (11.0.13) (build 11.0.13+0-b1751.21-8125866)
# Java VM: OpenJDK 64-Bit Server VM (11.0.13+0-b1751.21-8125866, mixed mode, tiered, compressed oops, g1 gc, windows-amd64)
Heap:
 garbage-first heap   total 316416K, used 184527K [0x0000000080000000, 0x0000000100000000)
  region size 1024K, 16 young (16384K), 2 survivors (2048K)
 Metaspace       used 109592K, capacity 112453K, committed 112768K, reserved 1146880K
  class space    used 13850K, capacity 14869K, committed 14976K, reserved 1048576K
GC Heap History (20 events):
Event: 26.392 GC heap before
{Heap before GC invocations=67 (full 0):
 garbage-first heap   total 263168K, used 160242K [0x0000000080000000, 0x0000000100000000)
  region size 1024K, 46 young (47104K), 7 survivors (7168K)
 Metaspace       used 78014K, capacity 79901K, committed 80000K, reserved 1118208K
  class space    used 10081K, capacity 10783K, committed 10880K, reserved 1048576K
}
Event: 26.410 GC heap after
{Heap after GC invocations=68 (full 0):
 garbage-first heap   total 263168K, used 128285K [0x0000000080000000, 0x0000000100000000)
  region size 1024K, 10 young (10240K), 10 survivors (10240K)
 Metaspace       used 78014K, capacity 79901K, committed 80000K, reserved 1118208K
  class space    used 10081K, capacity 10783K, committed 10880K, reserved 1048576K
}
Event: 27.931 GC heap before
{Heap before GC invocations=69 (full 0):
 garbage-first heap   total 263168K, used 199965K [0x0000000080000000, 0x0000000100000000)
  region size 1024K, 74 young (75776K), 10 survivors (10240K)
 Metaspace       used 80890K, capacity 82977K, committed 83200K, reserved 1122304K
  class space    used 10469K, capacity 11200K, committed 11264K, reserved 1048576K
}
Event: 27.949 GC heap after
{Heap after GC invocations=70 (full 0):
 garbage-first heap   total 263168K, used 139315K [0x0000000080000000, 0x0000000100000000)
  region size 1024K, 5 young (5120K), 5 survivors (5120K)
 Metaspace       used 80890K, capacity 82977K, committed 83200K, reserved 1122304K
  class space    used 10469K, capacity 11200K, committed 11264K, reserved 1048576K
}
Event: 28.127 GC heap before
{Heap before GC invocations=70 (full 0):
 garbage-first heap   total 263168K, used 162867K [0x0000000080000000, 0x0000000100000000)
  region size 1024K, 30 young (30720K), 5 survivors (5120K)
 Metaspace       used 81912K, capacity 83941K, committed 84096K, reserved 1122304K
  class space    used 10581K, capacity 11302K, committed 11392K, reserved 1048576K
}
Event: 28.134 GC heap after
{Heap after GC invocations=71 (full 0):
 garbage-first heap   total 263168K, used 140407K [0x0000000080000000, 0x0000000100000000)
  region size 1024K, 6 young (6144K), 6 survivors (6144K)
 Metaspace       used 81912K, capacity 83941K, committed 84096K, reserved 1122304K
  class space    used 10581K, capacity 11302K, committed 11392K, reserved 1048576K
}
Event: 29.650 GC heap before
{Heap before GC invocations=72 (full 0):
 garbage-first heap   total 263168K, used 209015K [0x0000000080000000, 0x0000000100000000)
  region size 1024K, 72 young (73728K), 6 survivors (6144K)
 Metaspace       used 90162K, capacity 92342K, committed 92544K, reserved 1130496K
  class space    used 11619K, capacity 12399K, committed 12416K, reserved 1048576K
}
Event: 29.667 GC heap after
{Heap after GC invocations=73 (full 0):
 garbage-first heap   total 263168K, used 141971K [0x0000000080000000, 0x0000000100000000)
  region size 1024K, 4 young (4096K), 4 survivors (4096K)
 Metaspace       used 90162K, capacity 92342K, committed 92544K, reserved 1130496K
  class space    used 11619K, capacity 12399K, committed 12416K, reserved 1048576K
}
Event: 31.147 GC heap before
{Heap before GC invocations=73 (full 0):
 garbage-first heap   total 263168K, used 208531K [0x0000000080000000, 0x0000000100000000)
  region size 1024K, 70 young (71680K), 4 survivors (4096K)
 Metaspace       used 94802K, capacity 97223K, committed 97280K, reserved 1134592K
  class space    used 12191K, capacity 13054K, committed 13056K, reserved 1048576K
}
Event: 31.169 GC heap after
{Heap after GC invocations=74 (full 0):
 garbage-first heap   total 263168K, used 146982K [0x0000000080000000, 0x0000000100000000)
  region size 1024K, 9 young (9216K), 9 survivors (9216K)
 Metaspace       used 94802K, capacity 97223K, committed 97280K, reserved 1134592K
  class space    used 12191K, capacity 13054K, committed 13056K, reserved 1048576K
}
Event: 32.583 GC heap before
{Heap before GC invocations=75 (full 0):
 garbage-first heap   total 263168K, used 212518K [0x0000000080000000, 0x0000000100000000)
  region size 1024K, 74 young (75776K), 9 survivors (9216K)
 Metaspace       used 96344K, capacity 98697K, committed 98816K, reserved 1134592K
  class space    used 12307K, capacity 13218K, committed 13312K, reserved 1048576K
}
Event: 32.615 GC heap after
{Heap after GC invocations=76 (full 0):
 garbage-first heap   total 316416K, used 150896K [0x0000000080000000, 0x0000000100000000)
  region size 1024K, 9 young (9216K), 9 survivors (9216K)
 Metaspace       used 96344K, capacity 98697K, committed 98816K, reserved 1134592K
  class space    used 12307K, capacity 13218K, committed 13312K, reserved 1048576K
}
Event: 35.414 GC heap before
{Heap before GC invocations=76 (full 0):
 garbage-first heap   total 316416K, used 241008K [0x0000000080000000, 0x0000000100000000)
  region size 1024K, 98 young (100352K), 9 survivors (9216K)
 Metaspace       used 102213K, capacity 104767K, committed 104832K, reserved 1140736K
  class space    used 13019K, capacity 13936K, committed 13952K, reserved 1048576K
}
Event: 35.469 GC heap after
{Heap after GC invocations=77 (full 0):
 garbage-first heap   total 316416K, used 155690K [0x0000000080000000, 0x0000000100000000)
  region size 1024K, 9 young (9216K), 9 survivors (9216K)
 Metaspace       used 102213K, capacity 104767K, committed 104832K, reserved 1140736K
  class space    used 13019K, capacity 13936K, committed 13952K, reserved 1048576K
}
Event: 662.303 GC heap before
{Heap before GC invocations=77 (full 0):
 garbage-first heap   total 316416K, used 249898K [0x0000000080000000, 0x0000000100000000)
  region size 1024K, 102 young (104448K), 9 survivors (9216K)
 Metaspace       used 105161K, capacity 107880K, committed 108160K, reserved 1142784K
  class space    used 13381K, capacity 14339K, committed 14464K, reserved 1048576K
}
Event: 662.391 GC heap after
{Heap after GC invocations=78 (full 0):
 garbage-first heap   total 316416K, used 159340K [0x0000000080000000, 0x0000000100000000)
  region size 1024K, 8 young (8192K), 8 survivors (8192K)
 Metaspace       used 105161K, capacity 107880K, committed 108160K, reserved 1142784K
  class space    used 13381K, capacity 14339K, committed 14464K, reserved 1048576K
}
Event: 1158.024 GC heap before
{Heap before GC invocations=79 (full 0):
 garbage-first heap   total 316416K, used 256620K [0x0000000080000000, 0x0000000100000000)
  region size 1024K, 104 young (106496K), 8 survivors (8192K)
 Metaspace       used 107743K, capacity 110568K, committed 110720K, reserved 1144832K
  class space    used 13669K, capacity 14664K, committed 14720K, reserved 1048576K
}
Event: 1158.198 GC heap after
{Heap after GC invocations=80 (full 0):
 garbage-first heap   total 316416K, used 168653K [0x0000000080000000, 0x0000000100000000)
  region size 1024K, 13 young (13312K), 13 survivors (13312K)
 Metaspace       used 107743K, capacity 110568K, committed 110720K, reserved 1144832K
  class space    used 13669K, capacity 14664K, committed 14720K, reserved 1048576K
}
Event: 1158.456 GC heap before
{Heap before GC invocations=80 (full 0):
 garbage-first heap   total 316416K, used 175821K [0x0000000080000000, 0x0000000100000000)
  region size 1024K, 22 young (22528K), 13 survivors (13312K)
 Metaspace       used 108822K, capacity 111669K, committed 111872K, reserved 1146880K
  class space    used 13767K, capacity 14754K, committed 14848K, reserved 1048576K
}
Event: 1158.530 GC heap after
{Heap after GC invocations=81 (full 0):
 garbage-first heap   total 316416K, used 170191K [0x0000000080000000, 0x0000000100000000)
  region size 1024K, 2 young (2048K), 2 survivors (2048K)
 Metaspace       used 108822K, capacity 111669K, committed 111872K, reserved 1146880K
  class space    used 13767K, capacity 14754K, committed 14848K, reserved 1048576K
}

